Build started 5.9.2013 19:41:58.
     1>Project "Z:\Studying\2013-2014\C++\LAB1\C++\Ex2\ex22\ex22\ex22.vcxproj" on node 2 (Build target(s)).
     1>ClCompile:
         C:\Program Files\Microsoft Visual Studio 11.0\VC\bin\CL.exe /c /ZI /nologo /W3 /WX- /sdl /Od /Oy- /D WIN32 /D _DEBUG /D _CONSOLE /D _UNICODE /D UNICODE /Gm /EHsc /RTC1 /MDd /GS /fp:precise /Zc:wchar_t /Zc:forScope /Fo"Debug\\" /Fd"Debug\vc110.pdb" /Gd /TC /analyze- /errorReport:prompt Source.c
         Source.c
     1>c:\program files\microsoft visual studio 11.0\vc\include\xtgmath.h(111): warning C4602: #pragma pop_macro : 'new' no previous #pragma push_macro for this identifier
     1>c:\program files\microsoft visual studio 11.0\vc\include\xtgmath.h(112): warning C4193: #pragma warning(pop) : no matching '#pragma warning(push)'
     1>c:\program files\microsoft visual studio 11.0\vc\include\xtgmath.h(113): warning C4161: #pragma pack(pop...) : more pops than pushes
     1>c:\program files\microsoft visual studio 11.0\vc\include\cmath(28): error C2061: syntax error : identifier 'acosf'
     1>c:\program files\microsoft visual studio 11.0\vc\include\cmath(28): error C2059: syntax error : ';'
     1>c:\program files\microsoft visual studio 11.0\vc\include\cmath(28): error C2061: syntax error : identifier 'asinf'
     1>c:\program files\microsoft visual studio 11.0\vc\include\cmath(29): error C2061: syntax error : identifier 'atanf'
     1>c:\program files\microsoft visual studio 11.0\vc\include\cmath(29): error C2059: syntax error : ';'
     1>c:\program files\microsoft visual studio 11.0\vc\include\cmath(29): error C2061: syntax error : identifier 'atan2f'
     1>c:\program files\microsoft visual studio 11.0\vc\include\cmath(29): error C2061: syntax error : identifier 'ceilf'
     1>c:\program files\microsoft visual studio 11.0\vc\include\cmath(30): error C2061: syntax error : identifier 'cosf'
     1>c:\program files\microsoft visual studio 11.0\vc\include\cmath(30): error C2059: syntax error : ';'
     1>c:\program files\microsoft visual studio 11.0\vc\include\cmath(30): error C2061: syntax error : identifier 'coshf'
     1>c:\program files\microsoft visual studio 11.0\vc\include\cmath(30): error C2061: syntax error : identifier 'expf'
     1>c:\program files\microsoft visual studio 11.0\vc\include\cmath(31): error C2061: syntax error : identifier 'fabsf'
     1>c:\program files\microsoft visual studio 11.0\vc\include\cmath(31): error C2059: syntax error : ';'
     1>c:\program files\microsoft visual studio 11.0\vc\include\cmath(31): error C2061: syntax error : identifier 'floorf'
     1>c:\program files\microsoft visual studio 11.0\vc\include\cmath(31): error C2061: syntax error : identifier 'fmodf'
     1>c:\program files\microsoft visual studio 11.0\vc\include\cmath(32): error C2061: syntax error : identifier 'frexpf'
     1>c:\program files\microsoft visual studio 11.0\vc\include\cmath(32): error C2059: syntax error : ';'
     1>c:\program files\microsoft visual studio 11.0\vc\include\cmath(32): error C2061: syntax error : identifier 'ldexpf'
     1>c:\program files\microsoft visual studio 11.0\vc\include\cmath(32): error C2061: syntax error : identifier 'logf'
     1>c:\program files\microsoft visual studio 11.0\vc\include\cmath(33): error C2061: syntax error : identifier 'log10f'
     1>c:\program files\microsoft visual studio 11.0\vc\include\cmath(33): error C2059: syntax error : ';'
     1>c:\program files\microsoft visual studio 11.0\vc\include\cmath(33): error C2061: syntax error : identifier 'modff'
     1>c:\program files\microsoft visual studio 11.0\vc\include\cmath(33): error C2061: syntax error : identifier 'powf'
     1>c:\program files\microsoft visual studio 11.0\vc\include\cmath(34): error C2061: syntax error : identifier 'sinf'
     1>c:\program files\microsoft visual studio 11.0\vc\include\cmath(34): error C2059: syntax error : ';'
     1>c:\program files\microsoft visual studio 11.0\vc\include\cmath(34): error C2061: syntax error : identifier 'sinhf'
     1>c:\program files\microsoft visual studio 11.0\vc\include\cmath(34): error C2061: syntax error : identifier 'sqrtf'
     1>c:\program files\microsoft visual studio 11.0\vc\include\cmath(35): error C2061: syntax error : identifier 'tanf'
     1>c:\program files\microsoft visual studio 11.0\vc\include\cmath(35): error C2059: syntax error : ';'
     1>c:\program files\microsoft visual studio 11.0\vc\include\cmath(35): error C2061: syntax error : identifier 'tanhf'
     1>c:\program files\microsoft visual studio 11.0\vc\include\cmath(37): error C2061: syntax error : identifier 'acosl'
     1>c:\program files\microsoft visual studio 11.0\vc\include\cmath(37): error C2059: syntax error : ';'
     1>c:\program files\microsoft visual studio 11.0\vc\include\cmath(37): error C2061: syntax error : identifier 'asinl'
     1>c:\program files\microsoft visual studio 11.0\vc\include\cmath(38): error C2061: syntax error : identifier 'atanl'
     1>c:\program files\microsoft visual studio 11.0\vc\include\cmath(38): error C2059: syntax error : ';'
     1>c:\program files\microsoft visual studio 11.0\vc\include\cmath(38): error C2061: syntax error : identifier 'atan2l'
     1>c:\program files\microsoft visual studio 11.0\vc\include\cmath(38): error C2061: syntax error : identifier 'ceill'
     1>c:\program files\microsoft visual studio 11.0\vc\include\cmath(39): error C2061: syntax error : identifier 'cosl'
     1>c:\program files\microsoft visual studio 11.0\vc\include\cmath(39): error C2059: syntax error : ';'
     1>c:\program files\microsoft visual studio 11.0\vc\include\cmath(39): error C2061: syntax error : identifier 'coshl'
     1>c:\program files\microsoft visual studio 11.0\vc\include\cmath(39): error C2061: syntax error : identifier 'expl'
     1>c:\program files\microsoft visual studio 11.0\vc\include\cmath(40): error C2061: syntax error : identifier 'fabsl'
     1>c:\program files\microsoft visual studio 11.0\vc\include\cmath(40): error C2059: syntax error : ';'
     1>c:\program files\microsoft visual studio 11.0\vc\include\cmath(40): error C2061: syntax error : identifier 'floorl'
     1>c:\program files\microsoft visual studio 11.0\vc\include\cmath(40): error C2061: syntax error : identifier 'fmodl'
     1>c:\program files\microsoft visual studio 11.0\vc\include\cmath(41): error C2061: syntax error : identifier 'frexpl'
     1>c:\program files\microsoft visual studio 11.0\vc\include\cmath(41): error C2059: syntax error : ';'
     1>c:\program files\microsoft visual studio 11.0\vc\include\cmath(41): error C2061: syntax error : identifier 'ldexpl'
     1>c:\program files\microsoft visual studio 11.0\vc\include\cmath(41): error C2061: syntax error : identifier 'logl'
     1>c:\program files\microsoft visual studio 11.0\vc\include\cmath(42): error C2061: syntax error : identifier 'log10l'
     1>c:\program files\microsoft visual studio 11.0\vc\include\cmath(42): error C2059: syntax error : ';'
     1>c:\program files\microsoft visual studio 11.0\vc\include\cmath(42): error C2061: syntax error : identifier 'modfl'
     1>c:\program files\microsoft visual studio 11.0\vc\include\cmath(42): error C2061: syntax error : identifier 'powl'
     1>c:\program files\microsoft visual studio 11.0\vc\include\cmath(43): error C2061: syntax error : identifier 'sinl'
     1>c:\program files\microsoft visual studio 11.0\vc\include\cmath(43): error C2059: syntax error : ';'
     1>c:\program files\microsoft visual studio 11.0\vc\include\cmath(43): error C2061: syntax error : identifier 'sinhl'
     1>c:\program files\microsoft visual studio 11.0\vc\include\cmath(43): error C2061: syntax error : identifier 'sqrtl'
     1>c:\program files\microsoft visual studio 11.0\vc\include\cmath(44): error C2061: syntax error : identifier 'tanl'
     1>c:\program files\microsoft visual studio 11.0\vc\include\cmath(44): error C2059: syntax error : ';'
     1>c:\program files\microsoft visual studio 11.0\vc\include\cmath(44): error C2061: syntax error : identifier 'tanhl'
     1>c:\program files\microsoft visual studio 11.0\vc\include\cmath(46): error C2061: syntax error : identifier 'abs'
     1>c:\program files\microsoft visual studio 11.0\vc\include\cmath(46): error C2059: syntax error : ';'
     1>c:\program files\microsoft visual studio 11.0\vc\include\cmath(48): error C2061: syntax error : identifier 'acos'
     1>c:\program files\microsoft visual studio 11.0\vc\include\cmath(48): error C2059: syntax error : ';'
     1>c:\program files\microsoft visual studio 11.0\vc\include\cmath(48): error C2061: syntax error : identifier 'asin'
     1>c:\program files\microsoft visual studio 11.0\vc\include\cmath(49): error C2061: syntax error : identifier 'atan'
     1>c:\program files\microsoft visual studio 11.0\vc\include\cmath(49): error C2059: syntax error : ';'
     1>c:\program files\microsoft visual studio 11.0\vc\include\cmath(49): error C2061: syntax error : identifier 'atan2'
     1>c:\program files\microsoft visual studio 11.0\vc\include\cmath(49): error C2061: syntax error : identifier 'ceil'
     1>c:\program files\microsoft visual studio 11.0\vc\include\cmath(50): error C2061: syntax error : identifier 'cos'
     1>c:\program files\microsoft visual studio 11.0\vc\include\cmath(50): error C2059: syntax error : ';'
     1>c:\program files\microsoft visual studio 11.0\vc\include\cmath(50): error C2061: syntax error : identifier 'cosh'
     1>c:\program files\microsoft visual studio 11.0\vc\include\cmath(50): error C2061: syntax error : identifier 'exp'
     1>c:\program files\microsoft visual studio 11.0\vc\include\cmath(51): error C2061: syntax error : identifier 'fabs'
     1>c:\program files\microsoft visual studio 11.0\vc\include\cmath(51): error C2059: syntax error : ';'
     1>c:\program files\microsoft visual studio 11.0\vc\include\cmath(51): error C2061: syntax error : identifier 'floor'
     1>c:\program files\microsoft visual studio 11.0\vc\include\cmath(51): error C2061: syntax error : identifier 'fmod'
     1>c:\program files\microsoft visual studio 11.0\vc\include\cmath(52): error C2061: syntax error : identifier 'frexp'
     1>c:\program files\microsoft visual studio 11.0\vc\include\cmath(52): error C2059: syntax error : ';'
     1>c:\program files\microsoft visual studio 11.0\vc\include\cmath(52): error C2061: syntax error : identifier 'ldexp'
     1>c:\program files\microsoft visual studio 11.0\vc\include\cmath(52): error C2061: syntax error : identifier 'log'
     1>c:\program files\microsoft visual studio 11.0\vc\include\cmath(53): error C2061: syntax error : identifier 'log10'
     1>c:\program files\microsoft visual studio 11.0\vc\include\cmath(53): error C2059: syntax error : ';'
     1>c:\program files\microsoft visual studio 11.0\vc\include\cmath(53): error C2061: syntax error : identifier 'modf'
     1>c:\program files\microsoft visual studio 11.0\vc\include\cmath(53): error C2061: syntax error : identifier 'pow'
     1>c:\program files\microsoft visual studio 11.0\vc\include\cmath(54): error C2061: syntax error : identifier 'sin'
     1>c:\program files\microsoft visual studio 11.0\vc\include\cmath(54): error C2059: syntax error : ';'
     1>c:\program files\microsoft visual studio 11.0\vc\include\cmath(54): error C2061: syntax error : identifier 'sinh'
     1>c:\program files\microsoft visual studio 11.0\vc\include\cmath(54): error C2061: syntax error : identifier 'sqrt'
     1>c:\program files\microsoft visual studio 11.0\vc\include\cmath(55): error C2061: syntax error : identifier 'tan'
     1>c:\program files\microsoft visual studio 11.0\vc\include\cmath(55): error C2059: syntax error : ';'
     1>c:\program files\microsoft visual studio 11.0\vc\include\cmath(55): error C2061: syntax error : identifier 'tanh'
     1>c:\program files\microsoft visual studio 11.0\vc\include\cmath(57): error C2061: syntax error : identifier 'hypot'
     1>c:\program files\microsoft visual studio 11.0\vc\include\cmath(57): error C2059: syntax error : ';'
     1>c:\program files\microsoft visual studio 11.0\vc\include\cmath(57): error C2061: syntax error : identifier 'hypotf'
     1>c:\program files\microsoft visual studio 11.0\vc\include\cstdio(36): error C2054: expected '(' to follow 'using'
     1>c:\program files\microsoft visual studio 11.0\vc\include\cstdio(38): error C2061: syntax error : identifier 'using'
     1>c:\program files\microsoft visual studio 11.0\vc\include\cstdio(38): error C2054: expected '(' to follow 'using'
     1>c:\program files\microsoft visual studio 11.0\vc\include\cstdio(39): error C2061: syntax error : identifier 'clearerr'
     1>c:\program files\microsoft visual studio 11.0\vc\include\cstdio(39): error C2059: syntax error : ';'
     1>c:\program files\microsoft visual studio 11.0\vc\include\cstdio(39): error C2061: syntax error : identifier 'fclose'
     1>c:\program files\microsoft visual studio 11.0\vc\include\cstdio(39): fatal error C1003: error count exceeds 100; stopping compilation
     1>Done Building Project "Z:\Studying\2013-2014\C++\LAB1\C++\Ex2\ex22\ex22\ex22.vcxproj" (Build target(s)) -- FAILED.

Build FAILED.

Time Elapsed 00:00:00.56
